<?xml version="1.0" encoding="UTF-8"?>
<!-- Generated by org.testng.reporters.JUnitReportReporter -->
<testsuite skipped="0" hostname="PC-PESSOAL" name="com.org.learningMaven.HelloWorldTest" tests="1" failures="0" timestamp="27 fev 2018 01:55:27 GMT" time="42.382" errors="0">
  <testcase name="Login" time="42.382" classname="com.org.learningMaven.HelloWorldTest"/>
</testsuite> <!-- com.org.learningMaven.HelloWorldTest -->
