<?xml version="1.0" encoding="UTF-8"?>
<!-- Generated by org.testng.reporters.JUnitReportReporter -->
<testsuite skipped="0" hostname="PC-PESSOAL" name="com.org.learningMaven.HelloWorld" tests="1" failures="0" timestamp="31 jan 2018 02:21:12 GMT" time="0.013" errors="0">
  <testcase name="Login" time="0.013" classname="com.org.learningMaven.HelloWorld"/>
</testsuite> <!-- com.org.learningMaven.HelloWorld -->
