<?xml version="1.0" encoding="UTF-8"?>
<!-- Generated by org.testng.reporters.JUnitReportReporter -->
<testsuite hostname="PC-PESSOAL" name="com.org.learningMaven.HelloWorldTest" tests="1" failures="0" timestamp="3 Mar 2018 22:31:23 GMT" time="47.827" errors="0">
  <testcase name="Login" time="47.827" classname="com.org.learningMaven.HelloWorldTest"/>
</testsuite> <!-- com.org.learningMaven.HelloWorldTest -->
